[handleMsg]:  {
  key: {
    remoteJid: '18493961317@s.whatsapp.net',
    fromMe: false,
    id: '0BAF59E579479BA547',
    participant: undefined
  },
  messageTimestamp: 1705323038,
  pushName: 'Ashley Zahivis',
  broadcast: false,
  message: Message {
    extendedTextMessage: ExtendedTextMessage { text: 'hola', contextInfo: [ContextInfo] },
    messageContextInfo: MessageContextInfo {
      deviceListMetadata: [DeviceListMetadata],
      deviceListMetadataVersion: 2
    }
  },
  body: 'hola',
  from: '18493961317'
}
[QUEUE_SE_ENVIO]:  {
  ref: 'ans_9ca1343c-dc4f-4ec8-af4b-fd7edd043cdc',
  keyword: 'key_8ee54fa2-1ed1-44d7-adc6-81a62a435bea',
  answer: '__call_action__',
  options: {
    media: null,
    buttons: [],
    capture: false,
    child: null,
    delay: 0,
    idle: null,
    ref: null,
    nested: [],
    keyword: {},
    callback: true
  },
  refSerialize: '377702aafec69bbadafeca03a162952b'
}
[QUEUE_SE_ENVIO]:  {
  ref: 'ans_dc958561-c73f-4962-9ebf-ccd361f51f8a',
  keyword: 'ans_9ca1343c-dc4f-4ec8-af4b-fd7edd043cdc',
  answer: '__call_action__',
  options: {
    media: null,
    buttons: [],
    capture: false,
    child: null,
    delay: 0,
    idle: null,
    ref: null,
    nested: [],
    keyword: {},
    callback: true
  },
  refSerialize: '6dc2e8981a05e947e0ffce2ec0db29b7'
}
